[2026-05-31 13:30:04] ABB: existing output found, resuming after 2026-05-26
[2026-05-31 13:30:04] ADANIPORTS: existing output found, resuming after 2026-05-26
[2026-05-31 13:30:04] BEL: existing output found, resuming after 2026-05-26
[2026-05-31 13:30:04] BOSCHLTD: existing output found, resuming after 2026-05-26
[2026-05-31 13:30:04] CUMMINSIND: existing output found, resuming after 2026-05-26
[2026-05-31 13:30:04] DIXON: existing output found, resuming after 2026-05-26
[2026-05-31 13:30:04] DLF: existing output found, resuming after 2026-05-26
[2026-05-31 13:30:04] DMART: existing output found, resuming after 2026-05-26
[2026-05-31 13:30:04] ETERNAL: existing output found, resuming after 2026-05-26
[2026-05-31 13:30:04] HAL: existing output found, resuming after 2026-05-26
[2026-05-31 13:30:04] HINDALCO: existing output found, resuming after 2026-05-26
[2026-05-31 13:30:04] INDHOTEL: existing output found, resuming after 2026-05-26
[2026-05-31 13:30:04] INDIGO: existing output found, resuming after 2026-05-26
[2026-05-31 13:30:04] LENSKART: existing output found, resuming after 2026-05-26
[2026-05-31 13:30:05] LT: existing output found, resuming after 2026-05-26
[2026-05-31 13:30:05] MANAPPURAM: existing output found, resuming after 2026-05-26
[2026-05-31 13:30:05] MARUTI: existing output found, resuming after 2026-05-26
[2026-05-31 13:30:05] PAYTM: existing output found, resuming after 2026-05-26
[2026-05-31 13:30:05] PGEL: existing output found, resuming after 2026-05-26
[2026-05-31 13:30:05] SBIN: existing output found, resuming after 2026-05-26
[2026-05-31 13:30:05] SUZLON: existing output found, resuming after 2026-05-26
[2026-05-31 13:30:05] TRENT: existing output found, resuming after 2026-05-26
[2026-05-31 13:30:05] Starting update for 22 symbols into /home/paragon/proj/nse-puller/out
[2026-05-31 13:30:05] Processed 1/3 trading days through 2026-05-27
[2026-05-31 13:30:09] Processed 3/3 trading days through 2026-05-29
[2026-05-31 13:30:09] Finished update with 22 rows written
