[2026-04-23 00:39:29] ABB: existing output found, resuming after 2015-10-01
[2026-04-23 00:39:29] ADANIPORTS: existing output found, resuming after 2015-10-01
[2026-04-23 00:39:29] BEL: existing output found, resuming after 2015-10-01
[2026-04-23 00:39:29] BOSCHLTD: existing output found, resuming after 2015-10-01
[2026-04-23 00:39:29] CUMMINSIND: existing output found, resuming after 2015-10-01
[2026-04-23 00:39:29] DLF: existing output found, resuming after 2015-10-01
[2026-04-23 00:39:29] DMART: existing output found, resuming after 2026-04-22
[2026-04-23 00:39:29] HINDALCO: existing output found, resuming after 2015-10-01
[2026-04-23 00:39:29] INDHOTEL: existing output found, resuming after 2015-10-01
[2026-04-23 00:39:29] LT: existing output found, resuming after 2015-10-01
[2026-04-23 00:39:29] MANAPPURAM: existing output found, resuming after 2015-10-01
[2026-04-23 00:39:29] MARUTI: existing output found, resuming after 2015-10-01
[2026-04-23 00:39:29] PGEL: existing output found, resuming after 2015-10-01
[2026-04-23 00:39:29] SBIN: existing output found, resuming after 2015-10-01
[2026-04-23 00:39:29] SUZLON: existing output found, resuming after 2015-10-01
[2026-04-23 00:39:29] TRENT: existing output found, resuming after 2015-10-01
[2026-04-23 00:39:29] Starting update for 21 symbols into /home/pi/projects/nse-puller/out
[2026-04-23 00:39:29] Processed 1/4778 trading days through 2008-01-01
[2026-04-23 00:39:40] Processed 50/4778 trading days through 2008-03-10
[2026-04-23 00:40:45] Processed 100/4778 trading days through 2008-05-19
[2026-04-23 00:40:46] Processed 150/4778 trading days through 2008-07-28
[2026-04-23 00:41:18] Processed 200/4778 trading days through 2008-10-06
[2026-04-23 00:42:11] Processed 250/4778 trading days through 2008-12-15
[2026-04-23 00:42:54] Processed 300/4778 trading days through 2009-02-23
[2026-04-23 00:44:19] Processed 350/4778 trading days through 2009-05-04
[2026-04-23 00:44:19] Processed 400/4778 trading days through 2009-07-13
[2026-04-23 00:44:30] Processed 450/4778 trading days through 2009-09-21
[2026-04-23 00:45:23] Processed 500/4778 trading days through 2009-11-30
[2026-04-23 00:46:05] Processed 550/4778 trading days through 2010-02-08
[2026-04-23 00:46:59] Processed 600/4778 trading days through 2010-04-19
[2026-04-23 00:47:00] Processed 650/4778 trading days through 2010-06-28
[2026-04-23 00:47:00] Processed 700/4778 trading days through 2010-09-06
[2026-04-23 00:47:11] Processed 750/4778 trading days through 2010-11-15
[2026-04-23 00:47:32] Processed 800/4778 trading days through 2011-01-24
[2026-04-23 00:47:53] Processed 850/4778 trading days through 2011-04-04
[2026-04-23 00:48:25] Processed 900/4778 trading days through 2011-06-13
[2026-04-23 00:48:36] Processed 950/4778 trading days through 2011-08-22
[2026-04-23 00:49:18] Processed 1000/4778 trading days through 2011-10-31
[2026-04-23 00:49:51] Processed 1050/4778 trading days through 2012-01-09
[2026-04-23 00:50:24] Processed 1100/4778 trading days through 2012-03-19
[2026-04-23 00:50:55] Processed 1150/4778 trading days through 2012-05-28
[2026-04-23 00:50:56] Processed 1200/4778 trading days through 2012-08-06
[2026-04-23 00:51:38] Processed 1250/4778 trading days through 2012-10-15
[2026-04-23 00:52:10] Processed 1300/4778 trading days through 2012-12-24
[2026-04-23 00:52:21] Processed 1350/4778 trading days through 2013-03-04
[2026-04-23 00:53:15] Processed 1400/4778 trading days through 2013-05-13
[2026-04-23 00:53:15] Processed 1450/4778 trading days through 2013-07-22
[2026-04-23 00:53:47] Processed 1500/4778 trading days through 2013-09-30
[2026-04-23 00:54:29] Processed 1550/4778 trading days through 2013-12-09
[2026-04-23 00:54:40] Processed 1600/4778 trading days through 2014-02-17
[2026-04-23 00:55:43] Processed 1650/4778 trading days through 2014-04-28
[2026-04-23 00:55:54] Processed 1700/4778 trading days through 2014-07-07
[2026-04-23 00:56:26] Processed 1750/4778 trading days through 2014-09-15
[2026-04-23 00:57:40] Processed 1800/4778 trading days through 2014-11-24
[2026-04-23 00:58:02] Processed 1850/4778 trading days through 2015-02-02
[2026-04-23 00:58:44] Processed 1900/4778 trading days through 2015-04-13
[2026-04-23 00:59:08] Processed 1950/4778 trading days through 2015-06-22
[2026-04-23 00:59:08] Processed 2000/4778 trading days through 2015-08-31
[2026-04-23 00:59:52] Processed 2050/4778 trading days through 2015-11-09
[2026-04-23 01:00:23] Processed 2100/4778 trading days through 2016-01-18
[2026-04-23 01:00:30] Processed 2150/4778 trading days through 2016-03-28
[2026-04-23 01:00:34] Processed 2200/4778 trading days through 2016-06-06
[2026-04-23 01:00:37] Processed 2250/4778 trading days through 2016-08-15
[2026-04-23 01:00:43] Processed 2300/4778 trading days through 2016-10-24
[2026-04-23 01:00:46] Processed 2350/4778 trading days through 2017-01-02
[2026-04-23 01:00:51] Processed 2400/4778 trading days through 2017-03-13
[2026-04-23 01:00:55] Processed 2450/4778 trading days through 2017-05-22
[2026-04-23 01:00:57] Processed 2500/4778 trading days through 2017-07-31
[2026-04-23 01:01:02] Processed 2550/4778 trading days through 2017-10-09
[2026-04-23 01:01:04] Processed 2600/4778 trading days through 2017-12-18
[2026-04-23 01:01:09] Processed 2650/4778 trading days through 2018-02-26
[2026-04-23 01:01:15] Processed 2700/4778 trading days through 2018-05-07
[2026-04-23 01:01:15] Processed 2750/4778 trading days through 2018-07-16
[2026-04-23 01:01:21] Processed 2800/4778 trading days through 2018-09-24
[2026-04-23 01:01:26] Processed 2850/4778 trading days through 2018-12-03
[2026-04-23 01:01:28] Processed 2900/4778 trading days through 2019-02-11
[2026-04-23 01:01:34] Processed 2950/4778 trading days through 2019-04-22
[2026-04-23 01:01:39] Processed 3000/4778 trading days through 2019-07-01
[2026-04-23 01:01:45] Processed 3050/4778 trading days through 2019-09-09
[2026-04-23 01:01:52] Processed 3100/4778 trading days through 2019-11-18
[2026-04-23 01:01:54] Processed 3150/4778 trading days through 2020-01-27
[2026-04-23 01:01:59] Processed 3200/4778 trading days through 2020-04-06
[2026-04-23 01:02:04] Processed 3250/4778 trading days through 2020-06-15
[2026-04-23 01:02:05] Processed 3300/4778 trading days through 2020-08-24
[2026-04-23 01:02:07] Processed 3350/4778 trading days through 2020-11-02
[2026-04-23 01:02:11] Processed 3400/4778 trading days through 2021-01-11
[2026-04-23 01:02:14] Processed 3450/4778 trading days through 2021-03-22
[2026-04-23 01:02:20] Processed 3500/4778 trading days through 2021-05-31
[2026-04-23 01:02:22] Processed 3550/4778 trading days through 2021-08-09
[2026-04-23 01:02:26] Processed 3600/4778 trading days through 2021-10-18
[2026-04-23 01:02:29] Processed 3650/4778 trading days through 2021-12-27
[2026-04-23 01:02:32] Processed 3700/4778 trading days through 2022-03-07
[2026-04-23 01:02:38] Processed 3750/4778 trading days through 2022-05-16
[2026-04-23 01:02:39] Processed 3800/4778 trading days through 2022-07-25
[2026-04-23 01:02:43] Processed 3850/4778 trading days through 2022-10-03
[2026-04-23 01:02:47] Processed 3900/4778 trading days through 2022-12-12
[2026-04-23 01:02:50] Processed 3950/4778 trading days through 2023-02-20
[2026-04-23 01:02:59] Processed 4000/4778 trading days through 2023-05-01
[2026-04-23 01:03:01] Processed 4050/4778 trading days through 2023-07-10
[2026-04-23 01:03:03] Processed 4100/4778 trading days through 2023-09-18
[2026-04-23 01:03:09] Processed 4150/4778 trading days through 2023-11-27
[2026-04-23 01:03:13] Processed 4200/4778 trading days through 2024-02-05
[2026-04-23 01:03:20] Processed 4250/4778 trading days through 2024-04-15
[2026-04-23 01:03:25] Processed 4300/4778 trading days through 2024-06-24
[2026-04-23 01:03:29] Processed 4350/4778 trading days through 2024-09-02
[2026-04-23 01:03:32] Processed 4400/4778 trading days through 2024-11-11
[2026-04-23 01:03:37] Processed 4450/4778 trading days through 2025-01-20
[2026-04-23 01:03:42] Processed 4500/4778 trading days through 2025-03-31
[2026-04-23 01:03:48] Processed 4550/4778 trading days through 2025-06-09
[2026-04-23 01:03:51] Processed 4600/4778 trading days through 2025-08-18
[2026-04-23 01:03:56] Processed 4650/4778 trading days through 2025-10-27
[2026-04-23 01:04:00] Processed 4700/4778 trading days through 2026-01-05
[2026-04-23 01:04:05] Processed 4750/4778 trading days through 2026-03-16
[2026-04-23 01:04:11] Processed 4778/4778 trading days through 2026-04-23
[2026-04-23 01:04:11] Finished update with 46722 rows written
