[2026-05-26 09:59:14] ABB: announcements resume after 2009-10-30
[2026-05-26 09:59:14] ADANIPORTS: announcements resume after 2009-11-20
[2026-05-26 09:59:14] BEL: announcements resume after 2009-10-30
[2026-05-26 09:59:14] BOSCHLTD: announcements resume after 2009-10-27
[2026-05-26 09:59:14] CUMMINSIND: announcements resume after 2009-11-20
[2026-05-26 09:59:14] DLF: announcements resume after 2009-11-13
[2026-05-26 09:59:14] HINDALCO: announcements resume after 2009-11-19
[2026-05-26 09:59:14] INDHOTEL: announcements resume after 2009-10-30
[2026-05-26 09:59:14] LT: announcements resume after 2009-11-17
[2026-05-26 09:59:14] MARUTI: announcements resume after 2009-11-10
[2026-05-26 09:59:14] SBIN: announcements resume after 2009-11-09
[2026-05-26 09:59:14] SUZLON: announcements resume after 2009-11-19
[2026-05-26 09:59:14] TRENT: announcements resume after 2009-11-04
[2026-05-26 09:59:14] Announcements: processed 1/4801 trading days through 2008-01-01
[2026-05-26 09:59:15] Announcements: processed 25/4801 trading days through 2008-02-04
[2026-05-26 09:59:15] Announcements: processed 50/4801 trading days through 2008-03-10
[2026-05-26 09:59:15] Announcements: processed 75/4801 trading days through 2008-04-14
[2026-05-26 09:59:16] Announcements: processed 100/4801 trading days through 2008-05-19
[2026-05-26 09:59:16] Announcements: processed 125/4801 trading days through 2008-06-23
[2026-05-26 09:59:16] Announcements: processed 150/4801 trading days through 2008-07-28
[2026-05-26 09:59:17] Announcements: processed 175/4801 trading days through 2008-09-01
[2026-05-26 09:59:17] Announcements: processed 200/4801 trading days through 2008-10-06
[2026-05-26 09:59:17] Announcements: processed 225/4801 trading days through 2008-11-10
[2026-05-26 09:59:18] Announcements: processed 250/4801 trading days through 2008-12-15
[2026-05-26 09:59:18] Announcements: processed 275/4801 trading days through 2009-01-19
[2026-05-26 09:59:18] Announcements: processed 300/4801 trading days through 2009-02-23
[2026-05-26 09:59:19] Announcements: processed 325/4801 trading days through 2009-03-30
[2026-05-26 09:59:19] Announcements: processed 350/4801 trading days through 2009-05-04
[2026-05-26 09:59:19] Announcements: processed 375/4801 trading days through 2009-06-08
[2026-05-26 09:59:20] Announcements: processed 400/4801 trading days through 2009-07-13
[2026-05-26 09:59:20] Announcements: processed 425/4801 trading days through 2009-08-17
[2026-05-26 09:59:20] Announcements: processed 450/4801 trading days through 2009-09-21
[2026-05-26 09:59:21] Announcements: processed 475/4801 trading days through 2009-10-26
[2026-05-26 10:00:48] Announcements: processed 500/4801 trading days through 2009-11-30
[2026-05-26 10:06:08] Announcements: processed 525/4801 trading days through 2010-01-04
[2026-05-26 10:11:18] Announcements: processed 550/4801 trading days through 2010-02-08
[2026-05-26 10:16:24] Announcements: processed 575/4801 trading days through 2010-03-15
[2026-05-26 10:21:33] Announcements: processed 600/4801 trading days through 2010-04-19
[2026-05-26 10:26:37] Announcements: processed 625/4801 trading days through 2010-05-24
[2026-05-26 10:31:41] Announcements: processed 650/4801 trading days through 2010-06-28
[2026-05-26 10:36:48] Announcements: processed 675/4801 trading days through 2010-08-02
[2026-05-26 10:41:53] Announcements: processed 700/4801 trading days through 2010-09-06
[2026-05-26 10:47:02] Announcements: processed 725/4801 trading days through 2010-10-11
[2026-05-26 10:52:16] Announcements: processed 750/4801 trading days through 2010-11-15
[2026-05-26 10:57:25] Announcements: processed 775/4801 trading days through 2010-12-20
[2026-05-26 11:02:29] Announcements: processed 800/4801 trading days through 2011-01-24
[2026-05-26 11:07:32] Announcements: processed 825/4801 trading days through 2011-02-28
