[2026-05-22 08:13:26] ABB: existing output found, resuming after 2026-04-30
[2026-05-22 08:13:26] ADANIPORTS: existing output found, resuming after 2026-04-30
[2026-05-22 08:13:26] BEL: existing output found, resuming after 2026-04-30
[2026-05-22 08:13:26] BOSCHLTD: existing output found, resuming after 2026-04-30
[2026-05-22 08:13:26] CUMMINSIND: existing output found, resuming after 2026-04-30
[2026-05-22 08:13:26] DIXON: existing output found, resuming after 2026-04-30
[2026-05-22 08:13:26] DLF: existing output found, resuming after 2026-04-30
[2026-05-22 08:13:26] DMART: existing output found, resuming after 2026-04-30
[2026-05-22 08:13:26] ETERNAL: existing output found, resuming after 2026-04-30
[2026-05-22 08:13:26] HAL: existing output found, resuming after 2026-04-30
[2026-05-22 08:13:26] HINDALCO: existing output found, resuming after 2026-04-30
[2026-05-22 08:13:26] INDHOTEL: existing output found, resuming after 2026-04-30
[2026-05-22 08:13:26] INDIGO: existing output found, resuming after 2026-04-30
[2026-05-22 08:13:26] LT: existing output found, resuming after 2026-04-30
[2026-05-22 08:13:26] MANAPPURAM: existing output found, resuming after 2026-04-30
[2026-05-22 08:13:26] MARUTI: existing output found, resuming after 2026-04-30
[2026-05-22 08:13:26] PAYTM: existing output found, resuming after 2026-04-30
[2026-05-22 08:13:26] PGEL: existing output found, resuming after 2026-04-30
[2026-05-22 08:13:26] SBIN: existing output found, resuming after 2026-04-30
[2026-05-22 08:13:26] SUZLON: existing output found, resuming after 2026-04-30
[2026-05-22 08:13:27] TRENT: existing output found, resuming after 2026-04-30
[2026-05-22 08:13:27] Starting update for 22 symbols into /home/paragon/proj/nse-puller/out
[2026-05-22 08:13:27] Processed 1/4799 trading days through 2008-01-01
[2026-05-22 08:13:39] Processed 50/4799 trading days through 2008-03-10
[2026-05-22 08:14:50] Processed 100/4799 trading days through 2008-05-19
[2026-05-22 08:14:50] Processed 150/4799 trading days through 2008-07-28
[2026-05-22 08:15:25] Processed 200/4799 trading days through 2008-10-06
[2026-05-22 08:16:23] Processed 250/4799 trading days through 2008-12-15
[2026-05-22 08:17:18] Processed 300/4799 trading days through 2009-02-23
[2026-05-22 08:18:51] Processed 350/4799 trading days through 2009-05-04
[2026-05-22 08:18:51] Processed 400/4799 trading days through 2009-07-13
[2026-05-22 08:19:03] Processed 450/4799 trading days through 2009-09-21
[2026-05-22 08:19:59] Processed 500/4799 trading days through 2009-11-30
[2026-05-22 08:20:46] Processed 550/4799 trading days through 2010-02-08
[2026-05-22 08:21:42] Processed 600/4799 trading days through 2010-04-19
[2026-05-22 08:21:42] Processed 650/4799 trading days through 2010-06-28
[2026-05-22 08:21:43] Processed 700/4799 trading days through 2010-09-06
[2026-05-22 08:21:54] Processed 750/4799 trading days through 2010-11-15
[2026-05-22 08:22:17] Processed 800/4799 trading days through 2011-01-24
[2026-05-22 08:22:40] Processed 850/4799 trading days through 2011-04-04
[2026-05-22 08:23:15] Processed 900/4799 trading days through 2011-06-13
[2026-05-22 08:23:26] Processed 950/4799 trading days through 2011-08-22
[2026-05-22 08:24:14] Processed 1000/4799 trading days through 2011-10-31
[2026-05-22 08:24:49] Processed 1050/4799 trading days through 2012-01-09
[2026-05-22 08:25:23] Processed 1100/4799 trading days through 2012-03-19
[2026-05-22 08:25:57] Processed 1150/4799 trading days through 2012-05-28
[2026-05-22 08:25:58] Processed 1200/4799 trading days through 2012-08-06
[2026-05-22 08:26:48] Processed 1250/4799 trading days through 2012-10-15
[2026-05-22 08:27:23] Processed 1300/4799 trading days through 2012-12-24
[2026-05-22 08:27:35] Processed 1350/4799 trading days through 2013-03-04
[2026-05-22 08:28:32] Processed 1400/4799 trading days through 2013-05-13
[2026-05-22 08:28:33] Processed 1450/4799 trading days through 2013-07-22
[2026-05-22 08:29:09] Processed 1500/4799 trading days through 2013-09-30
[2026-05-22 08:29:57] Processed 1550/4799 trading days through 2013-12-09
[2026-05-22 08:30:09] Processed 1600/4799 trading days through 2014-02-17
[2026-05-22 08:31:18] Processed 1650/4799 trading days through 2014-04-28
[2026-05-22 08:31:29] Processed 1700/4799 trading days through 2014-07-07
[2026-05-22 08:32:05] Processed 1750/4799 trading days through 2014-09-15
[2026-05-22 08:33:24] Processed 1800/4799 trading days through 2014-11-24
[2026-05-22 08:33:48] Processed 1850/4799 trading days through 2015-02-02
[2026-05-22 08:34:35] Processed 1900/4799 trading days through 2015-04-13
[2026-05-22 08:34:58] Processed 1950/4799 trading days through 2015-06-22
[2026-05-22 08:34:59] Processed 2000/4799 trading days through 2015-08-31
[2026-05-22 08:35:45] Processed 2050/4799 trading days through 2015-11-09
[2026-05-22 08:36:19] Processed 2100/4799 trading days through 2016-01-18
[2026-05-22 08:36:26] Processed 2150/4799 trading days through 2016-03-28
[2026-05-22 08:36:30] Processed 2200/4799 trading days through 2016-06-06
[2026-05-22 08:36:33] Processed 2250/4799 trading days through 2016-08-15
[2026-05-22 08:36:40] Processed 2300/4799 trading days through 2016-10-24
[2026-05-22 08:36:43] Processed 2350/4799 trading days through 2017-01-02
[2026-05-22 08:36:47] Processed 2400/4799 trading days through 2017-03-13
[2026-05-22 08:36:52] Processed 2450/4799 trading days through 2017-05-22
[2026-05-22 08:36:54] Processed 2500/4799 trading days through 2017-07-31
[2026-05-22 08:36:58] Processed 2550/4799 trading days through 2017-10-09
[2026-05-22 08:37:00] Processed 2600/4799 trading days through 2017-12-18
[2026-05-22 08:37:05] Processed 2650/4799 trading days through 2018-02-26
[2026-05-22 08:37:11] Processed 2700/4799 trading days through 2018-05-07
[2026-05-22 08:37:11] Processed 2750/4799 trading days through 2018-07-16
[2026-05-22 08:37:19] Processed 2800/4799 trading days through 2018-09-24
[2026-05-22 08:37:25] Processed 2850/4799 trading days through 2018-12-03
[2026-05-22 08:37:27] Processed 2900/4799 trading days through 2019-02-11
[2026-05-22 08:37:33] Processed 2950/4799 trading days through 2019-04-22
[2026-05-22 08:37:37] Processed 3000/4799 trading days through 2019-07-01
[2026-05-22 08:37:42] Processed 3050/4799 trading days through 2019-09-09
[2026-05-22 08:37:49] Processed 3100/4799 trading days through 2019-11-18
[2026-05-22 08:37:51] Processed 3150/4799 trading days through 2020-01-27
[2026-05-22 08:37:59] Processed 3200/4799 trading days through 2020-04-06
[2026-05-22 08:38:07] Processed 3250/4799 trading days through 2020-06-15
[2026-05-22 08:38:07] Processed 3300/4799 trading days through 2020-08-24
[2026-05-22 08:38:11] Processed 3350/4799 trading days through 2020-11-02
[2026-05-22 08:38:15] Processed 3400/4799 trading days through 2021-01-11
[2026-05-22 08:38:19] Processed 3450/4799 trading days through 2021-03-22
[2026-05-22 08:38:28] Processed 3500/4799 trading days through 2021-05-31
[2026-05-22 08:38:30] Processed 3550/4799 trading days through 2021-08-09
[2026-05-22 08:38:42] Processed 3600/4799 trading days through 2021-10-18
[2026-05-22 08:38:46] Processed 3650/4799 trading days through 2021-12-27
[2026-05-22 08:38:49] Processed 3700/4799 trading days through 2022-03-07
[2026-05-22 08:38:54] Processed 3750/4799 trading days through 2022-05-16
[2026-05-22 08:38:55] Processed 3800/4799 trading days through 2022-07-25
[2026-05-22 08:38:59] Processed 3850/4799 trading days through 2022-10-03
[2026-05-22 08:39:03] Processed 3900/4799 trading days through 2022-12-12
[2026-05-22 08:39:05] Processed 3950/4799 trading days through 2023-02-20
[2026-05-22 08:39:14] Processed 4000/4799 trading days through 2023-05-01
[2026-05-22 08:39:16] Processed 4050/4799 trading days through 2023-07-10
[2026-05-22 08:39:18] Processed 4100/4799 trading days through 2023-09-18
[2026-05-22 08:39:26] Processed 4150/4799 trading days through 2023-11-27
[2026-05-22 08:39:32] Processed 4200/4799 trading days through 2024-02-05
[2026-05-22 08:39:39] Processed 4250/4799 trading days through 2024-04-15
[2026-05-22 08:39:45] Processed 4300/4799 trading days through 2024-06-24
[2026-05-22 08:39:49] Processed 4350/4799 trading days through 2024-09-02
[2026-05-22 08:39:52] Processed 4400/4799 trading days through 2024-11-11
[2026-05-22 08:39:57] Processed 4450/4799 trading days through 2025-01-20
[2026-05-22 08:40:02] Processed 4500/4799 trading days through 2025-03-31
[2026-05-22 08:40:13] Processed 4550/4799 trading days through 2025-06-09
[2026-05-22 08:40:15] Processed 4600/4799 trading days through 2025-08-18
[2026-05-22 08:40:21] Processed 4650/4799 trading days through 2025-10-27
[2026-05-22 08:40:26] Processed 4700/4799 trading days through 2026-01-05
[2026-05-22 08:40:31] Processed 4750/4799 trading days through 2026-03-16
[2026-05-22 08:41:11] Processed 4799/4799 trading days through 2026-05-22
[2026-05-22 08:41:11] Finished update with 424 rows written
