[2026-05-24 12:17:36] ABB: existing output found, resuming after 2026-05-21
[2026-05-24 12:17:36] ADANIPORTS: existing output found, resuming after 2026-05-21
[2026-05-24 12:17:36] BEL: existing output found, resuming after 2026-05-21
[2026-05-24 12:17:36] BOSCHLTD: existing output found, resuming after 2026-05-21
[2026-05-24 12:17:36] CUMMINSIND: existing output found, resuming after 2026-05-21
[2026-05-24 12:17:36] DIXON: existing output found, resuming after 2026-05-21
[2026-05-24 12:17:36] DLF: existing output found, resuming after 2026-05-21
[2026-05-24 12:17:36] DMART: existing output found, resuming after 2026-05-21
[2026-05-24 12:17:36] ETERNAL: existing output found, resuming after 2026-05-21
[2026-05-24 12:17:36] HAL: existing output found, resuming after 2026-05-21
[2026-05-24 12:17:36] HINDALCO: existing output found, resuming after 2026-05-21
[2026-05-24 12:17:36] INDHOTEL: existing output found, resuming after 2026-05-21
[2026-05-24 12:17:36] INDIGO: existing output found, resuming after 2026-05-21
[2026-05-24 12:17:36] LENSKART: existing output found, resuming after 2026-05-21
[2026-05-24 12:17:37] LT: existing output found, resuming after 2026-05-21
[2026-05-24 12:17:37] MANAPPURAM: existing output found, resuming after 2026-05-21
[2026-05-24 12:17:37] MARUTI: existing output found, resuming after 2026-05-21
[2026-05-24 12:17:37] PAYTM: existing output found, resuming after 2026-05-21
[2026-05-24 12:17:37] PGEL: existing output found, resuming after 2026-05-21
[2026-05-24 12:17:37] SBIN: existing output found, resuming after 2026-05-21
[2026-05-24 12:17:37] SUZLON: existing output found, resuming after 2026-05-21
[2026-05-24 12:17:37] TRENT: existing output found, resuming after 2026-05-21
[2026-05-24 12:17:37] Starting update for 22 symbols into /home/paragon/proj/nse-puller/out
[2026-05-24 12:17:40] Processed 1/1 trading days through 2026-05-22
[2026-05-24 12:17:40] Finished update with 22 rows written
