[2026-05-26 10:55:26] ABB: announcements resume after 2010-10-29
[2026-05-26 10:55:26] ADANIPORTS: announcements resume after 2010-10-25
[2026-05-26 10:55:26] BEL: announcements resume after 2010-11-02
[2026-05-26 10:55:26] BOSCHLTD: announcements resume after 2010-11-11
[2026-05-26 10:55:26] CUMMINSIND: announcements resume after 2010-10-27
[2026-05-26 10:55:26] DLF: announcements resume after 2010-11-19
[2026-05-26 10:55:26] HINDALCO: announcements resume after 2010-12-06
[2026-05-26 10:55:26] INDHOTEL: announcements resume after 2010-11-19
[2026-05-26 10:55:26] LT: announcements resume after 2010-12-03
[2026-05-26 10:55:26] MANAPPURAM: announcements resume after 2010-11-22
[2026-05-26 10:55:26] MARUTI: announcements resume after 2010-12-01
[2026-05-26 10:55:26] SBIN: announcements resume after 2010-12-06
[2026-05-26 10:55:26] SUZLON: announcements resume after 2010-12-06
[2026-05-26 10:55:26] TRENT: announcements resume after 2010-10-27
[2026-05-26 10:55:26] Announcements: processed 1/4801 trading days through 2008-01-01
[2026-05-26 10:55:26] Announcements: processed 25/4801 trading days through 2008-02-04
[2026-05-26 10:55:26] Announcements: processed 50/4801 trading days through 2008-03-10
[2026-05-26 10:55:26] Announcements: processed 75/4801 trading days through 2008-04-14
[2026-05-26 10:55:26] Announcements: processed 100/4801 trading days through 2008-05-19
[2026-05-26 10:55:26] Announcements: processed 125/4801 trading days through 2008-06-23
[2026-05-26 10:55:26] Announcements: processed 150/4801 trading days through 2008-07-28
[2026-05-26 10:55:26] Announcements: processed 175/4801 trading days through 2008-09-01
[2026-05-26 10:55:26] Announcements: processed 200/4801 trading days through 2008-10-06
[2026-05-26 10:55:26] Announcements: processed 225/4801 trading days through 2008-11-10
[2026-05-26 10:55:26] Announcements: processed 250/4801 trading days through 2008-12-15
[2026-05-26 10:55:26] Announcements: processed 275/4801 trading days through 2009-01-19
[2026-05-26 10:55:26] Announcements: processed 300/4801 trading days through 2009-02-23
[2026-05-26 10:55:26] Announcements: processed 325/4801 trading days through 2009-03-30
[2026-05-26 10:55:26] Announcements: processed 350/4801 trading days through 2009-05-04
[2026-05-26 10:55:26] Announcements: processed 375/4801 trading days through 2009-06-08
[2026-05-26 10:55:26] Announcements: processed 400/4801 trading days through 2009-07-13
[2026-05-26 10:55:26] Announcements: processed 425/4801 trading days through 2009-08-17
[2026-05-26 10:55:26] Announcements: processed 450/4801 trading days through 2009-09-21
[2026-05-26 10:55:26] Announcements: processed 475/4801 trading days through 2009-10-26
[2026-05-26 10:55:26] Announcements: processed 500/4801 trading days through 2009-11-30
[2026-05-26 10:55:27] Announcements: processed 525/4801 trading days through 2010-01-04
[2026-05-26 10:55:27] Announcements: processed 550/4801 trading days through 2010-02-08
[2026-05-26 10:55:27] Announcements: processed 575/4801 trading days through 2010-03-15
[2026-05-26 10:55:27] Announcements: processed 600/4801 trading days through 2010-04-19
[2026-05-26 10:55:27] Announcements: processed 625/4801 trading days through 2010-05-24
[2026-05-26 10:55:27] Announcements: processed 650/4801 trading days through 2010-06-28
[2026-05-26 10:55:27] Announcements: processed 675/4801 trading days through 2010-08-02
[2026-05-26 10:55:27] Announcements: processed 700/4801 trading days through 2010-09-06
[2026-05-26 10:55:27] Announcements: processed 725/4801 trading days through 2010-10-11
[2026-05-26 10:55:27] Announcements: processed 750/4801 trading days through 2010-11-15
[2026-05-26 10:57:25] Announcements: processed 775/4801 trading days through 2010-12-20
[2026-05-26 11:02:29] Announcements: processed 800/4801 trading days through 2011-01-24
[2026-05-26 11:07:32] Announcements: processed 825/4801 trading days through 2011-02-28
[2026-05-26 11:12:40] Announcements: processed 850/4801 trading days through 2011-04-04
