[2026-05-02 12:25:52] ABB: existing output found, resuming after 2026-04-30
[2026-05-02 12:25:52] ADANIPORTS: existing output found, resuming after 2026-04-30
[2026-05-02 12:25:52] BEL: existing output found, resuming after 2026-04-30
[2026-05-02 12:25:52] BOSCHLTD: existing output found, resuming after 2026-04-30
[2026-05-02 12:25:52] CUMMINSIND: existing output found, resuming after 2026-04-30
[2026-05-02 12:25:52] DIXON: existing output found, resuming after 2026-04-30
[2026-05-02 12:25:52] DLF: existing output found, resuming after 2026-04-30
[2026-05-02 12:25:52] DMART: existing output found, resuming after 2026-04-30
[2026-05-02 12:25:52] ETERNAL: existing output found, resuming after 2026-04-30
[2026-05-02 12:25:52] HAL: existing output found, resuming after 2026-04-30
[2026-05-02 12:25:52] HINDALCO: existing output found, resuming after 2026-04-30
[2026-05-02 12:25:52] INDHOTEL: existing output found, resuming after 2026-04-30
[2026-05-02 12:25:52] INDIGO: existing output found, resuming after 2026-04-30
[2026-05-02 12:25:52] LT: existing output found, resuming after 2026-04-30
[2026-05-02 12:25:52] MANAPPURAM: existing output found, resuming after 2026-04-30
[2026-05-02 12:25:52] MARUTI: existing output found, resuming after 2026-04-30
[2026-05-02 12:25:52] PAYTM: existing output found, resuming after 2026-04-30
[2026-05-02 12:25:52] PGEL: existing output found, resuming after 2026-04-30
[2026-05-02 12:25:52] SBIN: existing output found, resuming after 2026-04-30
[2026-05-02 12:25:52] SUZLON: existing output found, resuming after 2026-04-30
[2026-05-02 12:25:52] TRENT: existing output found, resuming after 2026-04-30
[2026-05-02 12:25:52] Starting update for 21 symbols into /home/paragon/proj/nse-puller/out
[2026-05-02 12:25:53] Processed 1/1 trading days through 2026-05-01
[2026-05-02 12:25:53] Finished update with 0 rows written
