[2026-05-25 15:23:46] ABB: existing output found, resuming after 2017-03-02
[2026-05-25 15:23:46] ADANIPORTS: existing output found, resuming after 2017-03-02
[2026-05-25 15:23:46] BEL: existing output found, resuming after 2017-03-02
[2026-05-25 15:23:46] BOSCHLTD: existing output found, resuming after 2017-03-02
[2026-05-25 15:23:46] CUMMINSIND: existing output found, resuming after 2017-03-02
[2026-05-25 15:23:46] DIXON: existing output found, resuming after 2019-10-15
[2026-05-25 15:23:46] DLF: existing output found, resuming after 2017-03-02
[2026-05-25 15:23:46] DMART: existing output found, resuming after 2019-10-15
[2026-05-25 15:23:46] ETERNAL: existing output found, resuming after 2026-05-22
[2026-05-25 15:23:46] HAL: existing output found, resuming after 2019-10-15
[2026-05-25 15:23:46] HINDALCO: existing output found, resuming after 2017-03-02
[2026-05-25 15:23:46] INDHOTEL: existing output found, resuming after 2017-03-02
[2026-05-25 15:23:46] INDIGO: existing output found, resuming after 2017-03-02
[2026-05-25 15:23:46] LENSKART: existing output found, resuming after 2026-05-22
[2026-05-25 15:23:46] LT: existing output found, resuming after 2017-03-02
[2026-05-25 15:23:46] MANAPPURAM: existing output found, resuming after 2017-03-02
[2026-05-25 15:23:46] MARUTI: existing output found, resuming after 2017-03-02
[2026-05-25 15:23:46] PAYTM: existing output found, resuming after 2026-05-22
[2026-05-25 15:23:46] PGEL: existing output found, resuming after 2017-03-02
[2026-05-25 15:23:46] SBIN: existing output found, resuming after 2017-03-02
[2026-05-25 15:23:46] SUZLON: existing output found, resuming after 2017-03-02
[2026-05-25 15:23:46] TRENT: existing output found, resuming after 2017-03-02
[2026-05-25 15:23:46] Starting update for 22 symbols into /home/paragon/proj/nse-puller/out
[2026-05-25 15:23:46] Processed 1/2407 trading days through 2017-03-03
