[2026-05-26 11:49:59] ABB: announcements resume after 2026-05-15
[2026-05-26 11:49:59] ADANIPORTS: announcements resume after 2026-05-21
[2026-05-26 11:49:59] BEL: announcements resume after 2026-05-25
[2026-05-26 11:49:59] BOSCHLTD: announcements resume after 2026-05-25
[2026-05-26 11:49:59] CUMMINSIND: announcements resume after 2026-05-16
[2026-05-26 11:49:59] DIXON: announcements resume after 2026-05-25
[2026-05-26 11:49:59] DLF: announcements resume after 2026-05-18
[2026-05-26 11:49:59] DMART: announcements resume after 2026-05-15
[2026-05-26 11:49:59] ETERNAL: announcements resume after 2026-05-06
[2026-05-26 11:49:59] HAL: announcements resume after 2026-05-22
[2026-05-26 11:49:59] HINDALCO: announcements resume after 2026-05-23
[2026-05-26 11:49:59] INDHOTEL: announcements resume after 2026-05-23
[2026-05-26 11:49:59] INDIGO: announcements resume after 2026-05-05
[2026-05-26 11:49:59] LENSKART: announcements resume after 2026-05-22
[2026-05-26 11:49:59] LT: announcements resume after 2026-05-25
[2026-05-26 11:49:59] MANAPPURAM: announcements resume after 2026-05-14
[2026-05-26 11:49:59] MARUTI: announcements resume after 2026-05-25
[2026-05-26 11:49:59] PAYTM: announcements resume after 2026-05-25
[2026-05-26 11:49:59] PGEL: announcements resume after 2026-05-25
[2026-05-26 11:49:59] SBIN: announcements resume after 2026-05-22
[2026-05-26 11:49:59] SUZLON: announcements resume after 2026-05-25
[2026-05-26 11:49:59] TRENT: announcements resume after 2026-05-15
[2026-05-26 11:49:59] Announcements: processed 1/15 trading days through 2026-05-06
