[2026-05-24 13:09:41] ADANIPORTS: existing output found, resuming after 2024-07-24
[2026-05-24 13:09:41] BEL: existing output found, resuming after 2024-07-24
[2026-05-24 13:09:41] BOSCHLTD: existing output found, resuming after 2024-07-24
[2026-05-24 13:09:41] CUMMINSIND: existing output found, resuming after 2024-07-24
[2026-05-24 13:09:41] DIXON: existing output found, resuming after 2024-07-24
[2026-05-24 13:09:41] DLF: existing output found, resuming after 2024-07-24
[2026-05-24 13:09:41] DMART: existing output found, resuming after 2024-07-24
[2026-05-24 13:09:41] ETERNAL: existing output found, resuming after 2024-07-24
[2026-05-24 13:09:41] HAL: existing output found, resuming after 2024-07-24
[2026-05-24 13:09:41] HINDALCO: existing output found, resuming after 2024-07-24
[2026-05-24 13:09:41] INDHOTEL: existing output found, resuming after 2024-07-24
[2026-05-24 13:09:41] INDIGO: existing output found, resuming after 2024-07-24
[2026-05-24 13:09:41] LT: existing output found, resuming after 2024-07-24
[2026-05-24 13:09:41] MANAPPURAM: existing output found, resuming after 2024-07-24
[2026-05-24 13:09:41] MARUTI: existing output found, resuming after 2024-07-24
[2026-05-24 13:09:41] PAYTM: existing output found, resuming after 2024-07-24
[2026-05-24 13:09:41] PGEL: existing output found, resuming after 2024-07-24
[2026-05-24 13:09:41] SBIN: existing output found, resuming after 2024-07-24
[2026-05-24 13:09:41] SUZLON: existing output found, resuming after 2024-07-24
[2026-05-24 13:09:41] TRENT: existing output found, resuming after 2024-07-24
[2026-05-24 13:09:41] Starting BSE update for 22 symbols into /home/paragon/proj/nse-puller/out
[2026-05-24 13:09:41] Processed 1/2467 trading days through 2016-12-08
[2026-05-24 13:09:44] Processed 50/2467 trading days through 2017-02-15
[2026-05-24 13:09:47] Processed 100/2467 trading days through 2017-04-26
[2026-05-24 13:09:49] Processed 150/2467 trading days through 2017-07-05
[2026-05-24 13:09:50] Processed 200/2467 trading days through 2017-09-13
[2026-05-24 13:09:52] Processed 250/2467 trading days through 2017-11-22
[2026-05-24 13:09:53] Processed 300/2467 trading days through 2018-01-31
[2026-05-24 13:09:56] Processed 350/2467 trading days through 2018-04-11
[2026-05-24 13:09:57] Processed 400/2467 trading days through 2018-06-20
[2026-05-24 13:09:59] Processed 450/2467 trading days through 2018-08-29
[2026-05-24 13:10:01] Processed 500/2467 trading days through 2018-11-07
[2026-05-24 13:10:03] Processed 550/2467 trading days through 2019-01-16
[2026-05-24 13:10:04] Processed 600/2467 trading days through 2019-03-27
[2026-05-24 13:10:08] Processed 650/2467 trading days through 2019-06-05
[2026-05-24 13:10:09] Processed 700/2467 trading days through 2019-08-14
[2026-05-24 13:10:12] Processed 750/2467 trading days through 2019-10-23
[2026-05-24 13:10:14] Processed 800/2467 trading days through 2020-01-01
[2026-05-24 13:10:16] Processed 850/2467 trading days through 2020-03-11
[2026-05-24 13:10:18] Processed 900/2467 trading days through 2020-05-20
