[2026-05-26 08:42:41] ABB: announcements resume after 2009-01-12
[2026-05-26 08:42:41] ADANIPORTS: announcements resume after 2009-02-03
[2026-05-26 08:42:41] BEL: announcements resume after 2009-01-27
[2026-05-26 08:42:41] BOSCHLTD: announcements resume after 2009-02-04
[2026-05-26 08:42:41] CUMMINSIND: announcements resume after 2009-01-30
[2026-05-26 08:42:41] DLF: announcements resume after 2009-01-20
[2026-05-26 08:42:41] HINDALCO: announcements resume after 2009-02-02
[2026-05-26 08:42:41] INDHOTEL: announcements resume after 2009-01-29
[2026-05-26 08:42:41] LT: announcements resume after 2009-01-30
[2026-05-26 08:42:41] MARUTI: announcements resume after 2009-02-02
[2026-05-26 08:42:41] SBIN: announcements resume after 2009-01-12
[2026-05-26 08:42:41] SUZLON: announcements resume after 2009-01-30
[2026-05-26 08:42:41] TRENT: announcements resume after 2009-02-02
[2026-05-26 08:42:41] Announcements: processed 1/4801 trading days through 2008-01-01
[2026-05-26 08:42:41] Announcements: processed 25/4801 trading days through 2008-02-04
[2026-05-26 08:42:41] Announcements: processed 50/4801 trading days through 2008-03-10
[2026-05-26 08:42:41] Announcements: processed 75/4801 trading days through 2008-04-14
[2026-05-26 08:42:41] Announcements: processed 100/4801 trading days through 2008-05-19
[2026-05-26 08:42:41] Announcements: processed 125/4801 trading days through 2008-06-23
[2026-05-26 08:42:41] Announcements: processed 150/4801 trading days through 2008-07-28
[2026-05-26 08:42:41] Announcements: processed 175/4801 trading days through 2008-09-01
[2026-05-26 08:42:41] Announcements: processed 200/4801 trading days through 2008-10-06
[2026-05-26 08:42:41] Announcements: processed 225/4801 trading days through 2008-11-10
[2026-05-26 08:42:41] Announcements: processed 250/4801 trading days through 2008-12-15
[2026-05-26 08:42:41] Announcements: processed 275/4801 trading days through 2009-01-19
[2026-05-26 08:45:25] Announcements: processed 300/4801 trading days through 2009-02-23
[2026-05-26 08:50:49] Announcements: processed 325/4801 trading days through 2009-03-30
[2026-05-26 08:56:08] Announcements: processed 350/4801 trading days through 2009-05-04
[2026-05-26 09:01:36] Announcements: processed 375/4801 trading days through 2009-06-08
[2026-05-26 09:07:01] Announcements: processed 400/4801 trading days through 2009-07-13
[2026-05-26 09:12:32] Announcements: processed 425/4801 trading days through 2009-08-17
[2026-05-26 09:17:58] Announcements: processed 450/4801 trading days through 2009-09-21
[2026-05-26 09:23:29] Announcements: processed 475/4801 trading days through 2009-10-26
