[2026-05-26 11:48:18] ABB: announcements resume after 2026-05-15
[2026-05-26 11:48:18] ADANIPORTS: announcements resume after 2026-05-21
[2026-05-26 11:48:18] BEL: announcements resume after 2026-05-25
[2026-05-26 11:48:18] BOSCHLTD: announcements resume after 2026-05-25
[2026-05-26 11:48:18] CUMMINSIND: announcements resume after 2026-05-16
[2026-05-26 11:48:18] DIXON: announcements resume after 2026-05-25
[2026-05-26 11:48:18] DLF: announcements resume after 2026-05-18
[2026-05-26 11:48:18] DMART: announcements resume after 2026-05-15
[2026-05-26 11:48:18] ETERNAL: announcements resume after 2026-05-06
[2026-05-26 11:48:18] HAL: announcements resume after 2026-05-22
[2026-05-26 11:48:18] HINDALCO: announcements resume after 2026-05-23
[2026-05-26 11:48:18] INDHOTEL: announcements resume after 2026-05-23
[2026-05-26 11:48:18] INDIGO: announcements resume after 2026-05-05
[2026-05-26 11:48:18] LENSKART: announcements resume after 2026-05-22
[2026-05-26 11:48:18] LT: announcements resume after 2026-05-25
[2026-05-26 11:48:18] MANAPPURAM: announcements resume after 2026-05-14
[2026-05-26 11:48:18] MARUTI: announcements resume after 2026-05-25
[2026-05-26 11:48:18] PAYTM: announcements resume after 2026-05-25
[2026-05-26 11:48:18] PGEL: announcements resume after 2026-05-25
[2026-05-26 11:48:18] SBIN: announcements resume after 2026-05-22
[2026-05-26 11:48:18] SUZLON: announcements resume after 2026-05-25
[2026-05-26 11:48:18] TRENT: announcements resume after 2026-05-15
[2026-05-26 11:48:28] Announcements: processed 1/15 trading days through 2026-05-06
