[2026-05-24 12:36:23] ABB: existing output found, resuming after 2024-01-29
[2026-05-24 12:36:23] ADANIPORTS: existing output found, resuming after 2024-01-29
[2026-05-24 12:36:23] BEL: existing output found, resuming after 2024-01-29
[2026-05-24 12:36:23] BOSCHLTD: existing output found, resuming after 2024-01-29
[2026-05-24 12:36:23] CUMMINSIND: existing output found, resuming after 2024-01-29
[2026-05-24 12:36:23] DIXON: existing output found, resuming after 2024-01-29
[2026-05-24 12:36:23] DLF: existing output found, resuming after 2024-01-29
[2026-05-24 12:36:23] DMART: existing output found, resuming after 2024-01-29
[2026-05-24 12:36:23] ETERNAL: existing output found, resuming after 2024-01-29
[2026-05-24 12:36:23] HAL: existing output found, resuming after 2024-01-29
[2026-05-24 12:36:23] HINDALCO: existing output found, resuming after 2024-01-29
[2026-05-24 12:36:23] INDHOTEL: existing output found, resuming after 2024-01-29
[2026-05-24 12:36:23] INDIGO: existing output found, resuming after 2024-01-29
[2026-05-24 12:36:23] LT: existing output found, resuming after 2024-01-29
[2026-05-24 12:36:23] MANAPPURAM: existing output found, resuming after 2024-01-29
[2026-05-24 12:36:23] MARUTI: existing output found, resuming after 2024-01-29
[2026-05-24 12:36:23] PAYTM: existing output found, resuming after 2024-01-29
[2026-05-24 12:36:23] PGEL: existing output found, resuming after 2024-01-29
[2026-05-24 12:36:23] SBIN: existing output found, resuming after 2024-01-29
[2026-05-24 12:36:23] SUZLON: existing output found, resuming after 2024-01-29
[2026-05-24 12:36:23] TRENT: existing output found, resuming after 2024-01-29
[2026-05-24 12:36:23] Starting BSE update for 22 symbols into /home/paragon/proj/nse-puller/out
[2026-05-24 12:36:24] Processed 1/2467 trading days through 2016-12-08
[2026-05-24 12:37:02] Processed 50/2467 trading days through 2017-02-15
[2026-05-24 12:37:44] Processed 100/2467 trading days through 2017-04-26
[2026-05-24 12:38:25] Processed 150/2467 trading days through 2017-07-05
