[2026-05-25 15:24:14] ABB: existing output found, resuming after 2017-04-28
[2026-05-25 15:24:14] ADANIPORTS: existing output found, resuming after 2017-04-28
[2026-05-25 15:24:14] BEL: existing output found, resuming after 2017-04-28
[2026-05-25 15:24:14] BOSCHLTD: existing output found, resuming after 2017-04-28
[2026-05-25 15:24:14] CUMMINSIND: existing output found, resuming after 2017-04-28
[2026-05-25 15:24:14] DIXON: existing output found, resuming after 2019-10-15
[2026-05-25 15:24:14] DLF: existing output found, resuming after 2017-04-28
[2026-05-25 15:24:14] DMART: existing output found, resuming after 2019-10-15
[2026-05-25 15:24:14] ETERNAL: existing output found, resuming after 2026-05-22
[2026-05-25 15:24:14] HAL: existing output found, resuming after 2019-10-15
[2026-05-25 15:24:14] HINDALCO: existing output found, resuming after 2017-04-28
[2026-05-25 15:24:14] INDHOTEL: existing output found, resuming after 2017-04-28
[2026-05-25 15:24:14] INDIGO: existing output found, resuming after 2017-04-28
[2026-05-25 15:24:14] LENSKART: existing output found, resuming after 2026-05-22
[2026-05-25 15:24:14] LT: existing output found, resuming after 2017-04-28
[2026-05-25 15:24:14] MANAPPURAM: existing output found, resuming after 2017-04-28
[2026-05-25 15:24:14] MARUTI: existing output found, resuming after 2017-04-28
[2026-05-25 15:24:14] PAYTM: existing output found, resuming after 2026-05-22
[2026-05-25 15:24:14] PGEL: existing output found, resuming after 2017-04-28
[2026-05-25 15:24:14] SBIN: existing output found, resuming after 2017-04-28
[2026-05-25 15:24:14] SUZLON: existing output found, resuming after 2017-04-28
[2026-05-25 15:24:14] TRENT: existing output found, resuming after 2017-04-28
[2026-05-25 15:24:14] Starting update for 22 symbols into /home/paragon/proj/nse-puller/out
[2026-05-25 15:24:17] Processed 1/2366 trading days through 2017-05-01
[2026-05-25 15:24:20] Processed 50/2366 trading days through 2017-07-07
[2026-05-25 15:24:25] Processed 100/2366 trading days through 2017-09-15
[2026-05-25 15:24:31] Processed 150/2366 trading days through 2017-11-24
[2026-05-25 15:24:36] Processed 200/2366 trading days through 2018-02-02
[2026-05-25 15:24:51] Processed 250/2366 trading days through 2018-04-13
[2026-05-25 15:24:53] Processed 300/2366 trading days through 2018-06-22
[2026-05-25 15:24:58] Processed 350/2366 trading days through 2018-08-31
[2026-05-25 15:25:12] Processed 400/2366 trading days through 2018-11-09
[2026-05-25 15:25:16] Processed 450/2366 trading days through 2019-01-18
[2026-05-25 15:25:35] Processed 500/2366 trading days through 2019-03-29
[2026-05-25 15:25:50] Processed 550/2366 trading days through 2019-06-07
[2026-05-25 15:25:55] Processed 600/2366 trading days through 2019-08-16
[2026-05-25 15:26:08] Processed 650/2366 trading days through 2019-10-25
[2026-05-25 15:26:16] Processed 700/2366 trading days through 2020-01-03
[2026-05-25 15:26:22] Processed 750/2366 trading days through 2020-03-13
[2026-05-25 15:26:34] Processed 800/2366 trading days through 2020-05-22
[2026-05-25 15:26:37] Processed 850/2366 trading days through 2020-07-31
[2026-05-25 15:26:40] Processed 900/2366 trading days through 2020-10-09
[2026-05-25 15:26:45] Processed 950/2366 trading days through 2020-12-18
[2026-05-25 15:26:54] Processed 1000/2366 trading days through 2021-02-26
[2026-05-25 15:27:09] Processed 1050/2366 trading days through 2021-05-07
[2026-05-25 15:27:12] Processed 1100/2366 trading days through 2021-07-16
[2026-05-25 15:27:20] Processed 1150/2366 trading days through 2021-09-24
[2026-05-25 15:27:28] Processed 1200/2366 trading days through 2021-12-03
[2026-05-25 15:27:31] Processed 1250/2366 trading days through 2022-02-11
[2026-05-25 15:27:52] Processed 1300/2366 trading days through 2022-04-22
[2026-05-25 15:28:02] Processed 1350/2366 trading days through 2022-07-01
[2026-05-25 15:28:13] Processed 1400/2366 trading days through 2022-09-09
[2026-05-25 15:28:25] Processed 1450/2366 trading days through 2022-11-18
[2026-05-25 15:28:33] Processed 1500/2366 trading days through 2023-01-27
[2026-05-25 15:28:50] Processed 1550/2366 trading days through 2023-04-07
[2026-05-25 15:28:55] Processed 1600/2366 trading days through 2023-06-16
[2026-05-25 15:29:00] Processed 1650/2366 trading days through 2023-08-25
[2026-05-25 15:29:15] Processed 1700/2366 trading days through 2023-11-03
[2026-05-25 15:29:22] Processed 1750/2366 trading days through 2024-01-12
[2026-05-25 15:29:29] Processed 1800/2366 trading days through 2024-03-22
[2026-05-25 15:29:42] Processed 1850/2366 trading days through 2024-05-31
[2026-05-25 15:29:47] Processed 1900/2366 trading days through 2024-08-09
[2026-05-25 15:29:52] Processed 1950/2366 trading days through 2024-10-18
[2026-05-25 15:29:59] Processed 2000/2366 trading days through 2024-12-27
[2026-05-25 15:30:03] Processed 2050/2366 trading days through 2025-03-07
[2026-05-25 15:30:20] Processed 2100/2366 trading days through 2025-05-16
[2026-05-25 15:30:21] Processed 2150/2366 trading days through 2025-07-25
[2026-05-25 15:30:29] Processed 2200/2366 trading days through 2025-10-03
[2026-05-25 15:30:34] Processed 2250/2366 trading days through 2025-12-12
[2026-05-25 15:30:48] Processed 2300/2366 trading days through 2026-02-20
[2026-05-25 15:31:11] Processed 2350/2366 trading days through 2026-05-01
[2026-05-25 15:31:13] Processed 2366/2366 trading days through 2026-05-25
[2026-05-25 15:31:13] Finished update with 40290 rows written
