[2026-05-24 19:38:41] ABB: existing output found, resuming after 2014-03-14
[2026-05-24 19:38:41] ADANIPORTS: existing output found, resuming after 2014-03-14
[2026-05-24 19:38:41] BEL: existing output found, resuming after 2014-03-14
[2026-05-24 19:38:41] BOSCHLTD: existing output found, resuming after 2014-03-14
[2026-05-24 19:38:41] CUMMINSIND: existing output found, resuming after 2014-03-14
[2026-05-24 19:38:41] DIXON: existing output found, resuming after 2026-05-22
[2026-05-24 19:38:41] DLF: existing output found, resuming after 2014-03-14
[2026-05-24 19:38:41] DMART: existing output found, resuming after 2026-05-22
[2026-05-24 19:38:41] ETERNAL: existing output found, resuming after 2026-05-22
[2026-05-24 19:38:41] HAL: existing output found, resuming after 2026-05-22
[2026-05-24 19:38:41] HINDALCO: existing output found, resuming after 2014-03-14
[2026-05-24 19:38:41] INDHOTEL: existing output found, resuming after 2014-03-14
[2026-05-24 19:38:41] INDIGO: existing output found, resuming after 2026-05-22
[2026-05-24 19:38:41] LENSKART: existing output found, resuming after 2026-05-22
[2026-05-24 19:38:41] LT: existing output found, resuming after 2014-03-14
[2026-05-24 19:38:41] MANAPPURAM: existing output found, resuming after 2014-03-14
[2026-05-24 19:38:41] MARUTI: existing output found, resuming after 2014-03-14
[2026-05-24 19:38:41] PAYTM: existing output found, resuming after 2026-05-22
[2026-05-24 19:38:41] PGEL: existing output found, resuming after 2014-03-14
[2026-05-24 19:38:41] SBIN: existing output found, resuming after 2014-03-14
[2026-05-24 19:38:41] SUZLON: existing output found, resuming after 2014-03-14
[2026-05-24 19:38:41] TRENT: existing output found, resuming after 2014-03-14
[2026-05-24 19:38:41] Starting update for 22 symbols into /home/paragon/proj/nse-puller/out
[2026-05-24 19:38:55] Processed 1/3180 trading days through 2014-03-17
[2026-05-24 19:39:53] Processed 50/3180 trading days through 2014-05-23
[2026-05-24 19:40:05] Processed 100/3180 trading days through 2014-08-01
