[2026-05-24 13:21:40] ADANIPORTS: existing output found, resuming after 2024-07-24
[2026-05-24 13:21:40] BEL: existing output found, resuming after 2024-07-24
[2026-05-24 13:21:40] BOSCHLTD: existing output found, resuming after 2024-07-24
[2026-05-24 13:21:40] CUMMINSIND: existing output found, resuming after 2024-07-24
[2026-05-24 13:21:40] DIXON: existing output found, resuming after 2024-07-24
[2026-05-24 13:21:40] DLF: existing output found, resuming after 2024-07-24
[2026-05-24 13:21:40] DMART: existing output found, resuming after 2024-07-24
[2026-05-24 13:21:40] ETERNAL: existing output found, resuming after 2024-07-24
[2026-05-24 13:21:40] HAL: existing output found, resuming after 2024-07-24
[2026-05-24 13:21:40] HINDALCO: existing output found, resuming after 2024-07-24
[2026-05-24 13:21:40] INDHOTEL: existing output found, resuming after 2024-07-24
[2026-05-24 13:21:40] INDIGO: existing output found, resuming after 2024-07-24
[2026-05-24 13:21:40] LT: existing output found, resuming after 2024-07-24
[2026-05-24 13:21:40] MANAPPURAM: existing output found, resuming after 2024-07-24
[2026-05-24 13:21:40] MARUTI: existing output found, resuming after 2024-07-24
[2026-05-24 13:21:40] PAYTM: existing output found, resuming after 2024-07-24
[2026-05-24 13:21:40] PGEL: existing output found, resuming after 2024-07-24
[2026-05-24 13:21:40] SBIN: existing output found, resuming after 2024-07-24
[2026-05-24 13:21:40] SUZLON: existing output found, resuming after 2024-07-24
[2026-05-24 13:21:40] TRENT: existing output found, resuming after 2024-07-24
[2026-05-24 13:21:40] Starting BSE update for 22 symbols into /home/paragon/proj/nse-puller/out
[2026-05-24 13:21:40] Processed 1/2467 trading days through 2016-12-08
[2026-05-24 13:21:41] Processed 50/2467 trading days through 2017-02-15
[2026-05-24 13:21:44] Processed 100/2467 trading days through 2017-04-26
[2026-05-24 13:21:45] Processed 150/2467 trading days through 2017-07-05
[2026-05-24 13:21:46] Processed 200/2467 trading days through 2017-09-13
[2026-05-24 13:21:48] Processed 250/2467 trading days through 2017-11-22
