[2026-05-25 15:36:06] ABB: existing output found, resuming after 2026-05-22
[2026-05-25 15:36:06] ADANIPORTS: existing output found, resuming after 2026-05-22
[2026-05-25 15:36:06] BEL: existing output found, resuming after 2026-05-22
[2026-05-25 15:36:06] BOSCHLTD: existing output found, resuming after 2026-05-22
[2026-05-25 15:36:06] CUMMINSIND: existing output found, resuming after 2026-05-22
[2026-05-25 15:36:06] DIXON: existing output found, resuming after 2026-05-22
[2026-05-25 15:36:06] DLF: existing output found, resuming after 2026-05-22
[2026-05-25 15:36:06] DMART: existing output found, resuming after 2026-05-22
[2026-05-25 15:36:06] ETERNAL: existing output found, resuming after 2026-05-22
[2026-05-25 15:36:06] HAL: existing output found, resuming after 2026-05-22
[2026-05-25 15:36:06] HINDALCO: existing output found, resuming after 2026-05-22
[2026-05-25 15:36:06] INDHOTEL: existing output found, resuming after 2026-05-22
[2026-05-25 15:36:06] INDIGO: existing output found, resuming after 2026-05-22
[2026-05-25 15:36:06] LENSKART: existing output found, resuming after 2026-05-22
[2026-05-25 15:36:06] LT: existing output found, resuming after 2026-05-22
[2026-05-25 15:36:06] MANAPPURAM: existing output found, resuming after 2026-05-22
[2026-05-25 15:36:06] MARUTI: existing output found, resuming after 2026-05-22
[2026-05-25 15:36:06] PAYTM: existing output found, resuming after 2026-05-22
[2026-05-25 15:36:06] PGEL: existing output found, resuming after 2026-05-22
[2026-05-25 15:36:06] SBIN: existing output found, resuming after 2026-05-22
[2026-05-25 15:36:06] SUZLON: existing output found, resuming after 2026-05-22
[2026-05-25 15:36:06] TRENT: existing output found, resuming after 2026-05-22
[2026-05-25 15:36:06] Starting update for 22 symbols into /home/paragon/proj/nse-puller/out
[2026-05-25 15:36:07] Processed 1/1 trading days through 2026-05-25
[2026-05-25 15:36:07] Finished update with 0 rows written
