[2026-05-26 15:08:40] ABB: announcements resume after 2011-03-11
[2026-05-26 15:08:40] ADANIPORTS: announcements resume after 2011-04-11
[2026-05-26 15:08:40] BEL: announcements resume after 2011-04-12
[2026-05-26 15:08:40] BOSCHLTD: announcements resume after 2011-03-01
[2026-05-26 15:08:40] CUMMINSIND: announcements resume after 2011-04-12
[2026-05-26 15:08:40] DLF: announcements resume after 2011-02-04
[2026-05-26 15:08:40] HINDALCO: announcements resume after 2011-03-31
[2026-05-26 15:08:40] INDHOTEL: announcements resume after 2011-04-19
[2026-05-26 15:08:40] LT: announcements resume after 2011-04-19
[2026-05-26 15:08:40] MANAPPURAM: announcements resume after 2011-04-01
[2026-05-26 15:08:40] MARUTI: announcements resume after 2011-04-06
[2026-05-26 15:08:40] SBIN: announcements resume after 2011-04-19
[2026-05-26 15:08:40] SUZLON: announcements resume after 2011-04-12
[2026-05-26 15:08:40] TRENT: announcements resume after 2011-04-11
[2026-05-26 15:08:40] Announcements: processed 1/4801 trading days through 2008-01-01
[2026-05-26 15:08:41] Announcements: processed 25/4801 trading days through 2008-02-04
[2026-05-26 15:08:41] Announcements: processed 50/4801 trading days through 2008-03-10
[2026-05-26 15:08:41] Announcements: processed 75/4801 trading days through 2008-04-14
[2026-05-26 15:08:41] Announcements: processed 100/4801 trading days through 2008-05-19
[2026-05-26 15:08:41] Announcements: processed 125/4801 trading days through 2008-06-23
[2026-05-26 15:08:41] Announcements: processed 150/4801 trading days through 2008-07-28
[2026-05-26 15:08:41] Announcements: processed 175/4801 trading days through 2008-09-01
[2026-05-26 15:08:41] Announcements: processed 200/4801 trading days through 2008-10-06
[2026-05-26 15:08:41] Announcements: processed 225/4801 trading days through 2008-11-10
[2026-05-26 15:08:41] Announcements: processed 250/4801 trading days through 2008-12-15
[2026-05-26 15:08:41] Announcements: processed 275/4801 trading days through 2009-01-19
[2026-05-26 15:08:41] Announcements: processed 300/4801 trading days through 2009-02-23
[2026-05-26 15:08:41] Announcements: processed 325/4801 trading days through 2009-03-30
[2026-05-26 15:08:42] Announcements: processed 350/4801 trading days through 2009-05-04
[2026-05-26 15:08:42] Announcements: processed 375/4801 trading days through 2009-06-08
[2026-05-26 15:08:42] Announcements: processed 400/4801 trading days through 2009-07-13
[2026-05-26 15:08:42] Announcements: processed 425/4801 trading days through 2009-08-17
[2026-05-26 15:08:42] Announcements: processed 450/4801 trading days through 2009-09-21
[2026-05-26 15:08:42] Announcements: processed 475/4801 trading days through 2009-10-26
[2026-05-26 15:08:42] Announcements: processed 500/4801 trading days through 2009-11-30
[2026-05-26 15:08:42] Announcements: processed 525/4801 trading days through 2010-01-04
[2026-05-26 15:08:43] Announcements: processed 550/4801 trading days through 2010-02-08
[2026-05-26 15:08:43] Announcements: processed 575/4801 trading days through 2010-03-15
[2026-05-26 15:08:43] Announcements: processed 600/4801 trading days through 2010-04-19
[2026-05-26 15:08:44] Announcements: processed 625/4801 trading days through 2010-05-24
[2026-05-26 15:08:44] Announcements: processed 650/4801 trading days through 2010-06-28
[2026-05-26 15:08:44] Announcements: processed 675/4801 trading days through 2010-08-02
[2026-05-26 15:08:45] Announcements: processed 700/4801 trading days through 2010-09-06
[2026-05-26 15:08:45] Announcements: processed 725/4801 trading days through 2010-10-11
[2026-05-26 15:08:45] Announcements: processed 750/4801 trading days through 2010-11-15
[2026-05-26 15:08:46] Announcements: processed 775/4801 trading days through 2010-12-20
[2026-05-26 15:08:46] Announcements: processed 800/4801 trading days through 2011-01-24
[2026-05-26 15:08:46] Announcements: processed 825/4801 trading days through 2011-02-28
[2026-05-26 15:08:46] Announcements: processed 850/4801 trading days through 2011-04-04
[2026-05-26 15:11:34] Announcements: processed 875/4801 trading days through 2011-05-09
[2026-05-26 15:16:37] Announcements: processed 900/4801 trading days through 2011-06-13
[2026-05-26 15:21:31] Announcements: processed 925/4801 trading days through 2011-07-18
[2026-05-26 15:26:42] Announcements: processed 950/4801 trading days through 2011-08-22
[2026-05-26 15:31:44] Announcements: processed 975/4801 trading days through 2011-09-26
[2026-05-26 15:36:44] Announcements: processed 1000/4801 trading days through 2011-10-31
[2026-05-26 15:41:41] Announcements: processed 1025/4801 trading days through 2011-12-05
[2026-05-26 15:46:42] Announcements: processed 1050/4801 trading days through 2012-01-09
[2026-05-26 15:51:47] Announcements: processed 1075/4801 trading days through 2012-02-13
[2026-05-26 15:56:43] Announcements: processed 1100/4801 trading days through 2012-03-19
[2026-05-26 16:01:42] Announcements: processed 1125/4801 trading days through 2012-04-23
[2026-05-26 16:06:42] Announcements: processed 1150/4801 trading days through 2012-05-28
[2026-05-26 16:11:51] Announcements: processed 1175/4801 trading days through 2012-07-02
[2026-05-26 16:16:52] Announcements: processed 1200/4801 trading days through 2012-08-06
[2026-05-26 16:22:00] Announcements: processed 1225/4801 trading days through 2012-09-10
[2026-05-26 16:27:08] Announcements: processed 1250/4801 trading days through 2012-10-15
[2026-05-26 16:32:16] Announcements: processed 1275/4801 trading days through 2012-11-19
[2026-05-26 16:37:25] Announcements: processed 1300/4801 trading days through 2012-12-24
[2026-05-26 16:42:35] Announcements: processed 1325/4801 trading days through 2013-01-28
[2026-05-26 16:47:40] Announcements: processed 1350/4801 trading days through 2013-03-04
[2026-05-26 16:52:51] Announcements: processed 1375/4801 trading days through 2013-04-08
[2026-05-26 16:57:56] Announcements: processed 1400/4801 trading days through 2013-05-13
[2026-05-26 17:03:06] Announcements: processed 1425/4801 trading days through 2013-06-17
[2026-05-26 17:08:15] Announcements: processed 1450/4801 trading days through 2013-07-22
[2026-05-26 17:13:23] Announcements: processed 1475/4801 trading days through 2013-08-26
[2026-05-26 17:18:29] Announcements: processed 1500/4801 trading days through 2013-09-30
[2026-05-26 17:23:34] Announcements: processed 1525/4801 trading days through 2013-11-04
[2026-05-26 17:28:31] Announcements: processed 1550/4801 trading days through 2013-12-09
[2026-05-26 17:33:34] Announcements: processed 1575/4801 trading days through 2014-01-13
[2026-05-26 17:38:25] Announcements: processed 1600/4801 trading days through 2014-02-17
[2026-05-26 17:43:26] Announcements: processed 1625/4801 trading days through 2014-03-24
[2026-05-26 17:48:22] Announcements: processed 1650/4801 trading days through 2014-04-28
