[2026-05-24 12:31:24] ABB: existing output found, resuming after 2024-01-05
[2026-05-24 12:31:24] ADANIPORTS: existing output found, resuming after 2024-01-05
[2026-05-24 12:31:24] BEL: existing output found, resuming after 2024-01-05
[2026-05-24 12:31:24] BOSCHLTD: existing output found, resuming after 2024-01-05
[2026-05-24 12:31:24] CUMMINSIND: existing output found, resuming after 2024-01-05
[2026-05-24 12:31:24] DIXON: existing output found, resuming after 2024-01-05
[2026-05-24 12:31:24] DLF: existing output found, resuming after 2024-01-05
[2026-05-24 12:31:24] DMART: existing output found, resuming after 2024-01-05
[2026-05-24 12:31:24] ETERNAL: existing output found, resuming after 2024-01-05
[2026-05-24 12:31:24] HAL: existing output found, resuming after 2024-01-05
[2026-05-24 12:31:24] HINDALCO: existing output found, resuming after 2024-01-05
[2026-05-24 12:31:24] INDHOTEL: existing output found, resuming after 2024-01-05
[2026-05-24 12:31:24] INDIGO: existing output found, resuming after 2024-01-05
[2026-05-24 12:31:24] LT: existing output found, resuming after 2024-01-05
[2026-05-24 12:31:24] MANAPPURAM: existing output found, resuming after 2024-01-05
[2026-05-24 12:31:24] MARUTI: existing output found, resuming after 2024-01-05
[2026-05-24 12:31:24] PAYTM: existing output found, resuming after 2024-01-05
[2026-05-24 12:31:24] PGEL: existing output found, resuming after 2024-01-05
[2026-05-24 12:31:24] SBIN: existing output found, resuming after 2024-01-05
[2026-05-24 12:31:24] SUZLON: existing output found, resuming after 2024-01-05
[2026-05-24 12:31:24] TRENT: existing output found, resuming after 2024-01-05
[2026-05-24 12:31:24] Starting BSE update for 22 symbols into /home/paragon/proj/nse-puller/out
