[2026-05-24 13:16:11] ADANIPORTS: existing output found, resuming after 2024-07-24
[2026-05-24 13:16:11] BEL: existing output found, resuming after 2024-07-24
[2026-05-24 13:16:11] BOSCHLTD: existing output found, resuming after 2024-07-24
[2026-05-24 13:16:11] CUMMINSIND: existing output found, resuming after 2024-07-24
[2026-05-24 13:16:11] DIXON: existing output found, resuming after 2024-07-24
[2026-05-24 13:16:11] DLF: existing output found, resuming after 2024-07-24
[2026-05-24 13:16:11] DMART: existing output found, resuming after 2024-07-24
[2026-05-24 13:16:11] ETERNAL: existing output found, resuming after 2024-07-24
[2026-05-24 13:16:11] HAL: existing output found, resuming after 2024-07-24
[2026-05-24 13:16:11] HINDALCO: existing output found, resuming after 2024-07-24
[2026-05-24 13:16:11] INDHOTEL: existing output found, resuming after 2024-07-24
[2026-05-24 13:16:11] INDIGO: existing output found, resuming after 2024-07-24
[2026-05-24 13:16:11] LT: existing output found, resuming after 2024-07-24
[2026-05-24 13:16:11] MANAPPURAM: existing output found, resuming after 2024-07-24
[2026-05-24 13:16:11] MARUTI: existing output found, resuming after 2024-07-24
[2026-05-24 13:16:11] PAYTM: existing output found, resuming after 2024-07-24
[2026-05-24 13:16:11] PGEL: existing output found, resuming after 2024-07-24
[2026-05-24 13:16:11] SBIN: existing output found, resuming after 2024-07-24
[2026-05-24 13:16:11] SUZLON: existing output found, resuming after 2024-07-24
[2026-05-24 13:16:11] TRENT: existing output found, resuming after 2024-07-24
[2026-05-24 13:16:11] Starting BSE update for 22 symbols into /home/paragon/proj/nse-puller/out
[2026-05-24 13:16:11] Processed 1/2467 trading days through 2016-12-08
[2026-05-24 13:16:12] Processed 50/2467 trading days through 2017-02-15
[2026-05-24 13:16:15] Processed 100/2467 trading days through 2017-04-26
