[2026-05-24 12:39:35] ABB: existing output found, resuming after 2024-01-29
[2026-05-24 12:39:35] ADANIPORTS: existing output found, resuming after 2024-01-29
[2026-05-24 12:39:35] BEL: existing output found, resuming after 2024-01-29
[2026-05-24 12:39:35] BOSCHLTD: existing output found, resuming after 2024-01-29
[2026-05-24 12:39:35] CUMMINSIND: existing output found, resuming after 2024-01-29
[2026-05-24 12:39:35] DIXON: existing output found, resuming after 2024-01-29
[2026-05-24 12:39:35] DLF: existing output found, resuming after 2024-01-29
[2026-05-24 12:39:35] DMART: existing output found, resuming after 2024-01-29
[2026-05-24 12:39:35] ETERNAL: existing output found, resuming after 2024-01-29
[2026-05-24 12:39:35] HAL: existing output found, resuming after 2024-01-29
[2026-05-24 12:39:35] HINDALCO: existing output found, resuming after 2024-01-29
[2026-05-24 12:39:35] INDHOTEL: existing output found, resuming after 2024-01-29
[2026-05-24 12:39:35] INDIGO: existing output found, resuming after 2024-01-29
[2026-05-24 12:39:35] LT: existing output found, resuming after 2024-01-29
[2026-05-24 12:39:35] MANAPPURAM: existing output found, resuming after 2024-01-29
[2026-05-24 12:39:35] MARUTI: existing output found, resuming after 2024-01-29
[2026-05-24 12:39:35] PAYTM: existing output found, resuming after 2024-01-29
[2026-05-24 12:39:35] PGEL: existing output found, resuming after 2024-01-29
[2026-05-24 12:39:35] SBIN: existing output found, resuming after 2024-01-29
[2026-05-24 12:39:35] SUZLON: existing output found, resuming after 2024-01-29
[2026-05-24 12:39:35] TRENT: existing output found, resuming after 2024-01-29
[2026-05-24 12:39:35] Starting BSE update for 22 symbols into /home/paragon/proj/nse-puller/out
[2026-05-24 12:39:35] Processed 1/2467 trading days through 2016-12-08
[2026-05-24 12:39:39] Processed 50/2467 trading days through 2017-02-15
[2026-05-24 12:39:42] Processed 100/2467 trading days through 2017-04-26
[2026-05-24 12:39:44] Processed 150/2467 trading days through 2017-07-05
[2026-05-24 12:39:51] Processed 200/2467 trading days through 2017-09-13
[2026-05-24 12:40:37] Processed 250/2467 trading days through 2017-11-22
[2026-05-24 12:41:19] Processed 300/2467 trading days through 2018-01-31
[2026-05-24 12:41:51] Processed 350/2467 trading days through 2018-04-11
[2026-05-24 12:42:25] Processed 400/2467 trading days through 2018-06-20
[2026-05-24 12:42:59] Processed 450/2467 trading days through 2018-08-29
[2026-05-24 12:43:33] Processed 500/2467 trading days through 2018-11-07
[2026-05-24 12:43:50] Processed 550/2467 trading days through 2019-01-16
[2026-05-24 12:44:06] Processed 600/2467 trading days through 2019-03-27
[2026-05-24 12:44:19] Processed 650/2467 trading days through 2019-06-05
[2026-05-24 12:44:31] Processed 700/2467 trading days through 2019-08-14
[2026-05-24 12:44:52] Processed 750/2467 trading days through 2019-10-23
[2026-05-24 12:45:22] Processed 800/2467 trading days through 2020-01-01
[2026-05-24 12:45:56] Processed 850/2467 trading days through 2020-03-11
[2026-05-24 12:46:21] Processed 900/2467 trading days through 2020-05-20
[2026-05-24 12:47:14] Processed 950/2467 trading days through 2020-07-29
[2026-05-24 12:47:57] Processed 1000/2467 trading days through 2020-10-07
[2026-05-24 12:48:26] Processed 1050/2467 trading days through 2020-12-16
[2026-05-24 12:49:01] Processed 1100/2467 trading days through 2021-02-24
[2026-05-24 12:49:37] Processed 1150/2467 trading days through 2021-05-05
[2026-05-24 12:50:11] Processed 1200/2467 trading days through 2021-07-14
[2026-05-24 12:50:48] Processed 1250/2467 trading days through 2021-09-22
[2026-05-24 12:51:26] Processed 1300/2467 trading days through 2021-12-01
[2026-05-24 12:52:08] Processed 1350/2467 trading days through 2022-02-09
[2026-05-24 12:52:49] Processed 1400/2467 trading days through 2022-04-20
[2026-05-24 12:53:30] Processed 1450/2467 trading days through 2022-06-29
[2026-05-24 12:54:09] Processed 1500/2467 trading days through 2022-09-07
[2026-05-24 12:55:17] Processed 1550/2467 trading days through 2022-11-16
[2026-05-24 12:55:32] Processed 1600/2467 trading days through 2023-01-25
[2026-05-24 12:56:03] Processed 1650/2467 trading days through 2023-04-05
[2026-05-24 12:56:44] Processed 1700/2467 trading days through 2023-06-14
[2026-05-24 12:57:24] Processed 1750/2467 trading days through 2023-08-23
[2026-05-24 12:58:05] Processed 1800/2467 trading days through 2023-11-01
[2026-05-24 12:58:40] Processed 1850/2467 trading days through 2024-01-10
[2026-05-24 12:59:15] Processed 1900/2467 trading days through 2024-03-20
[2026-05-24 12:59:51] Processed 1950/2467 trading days through 2024-05-29
[2026-05-24 13:00:32] Processed 2000/2467 trading days through 2024-08-07
[2026-05-24 13:00:48] Processed 2050/2467 trading days through 2024-10-16
[2026-05-24 13:01:38] Processed 2100/2467 trading days through 2024-12-25
[2026-05-24 13:01:58] Processed 2150/2467 trading days through 2025-03-05
[2026-05-24 13:02:17] Processed 2200/2467 trading days through 2025-05-14
[2026-05-24 13:02:34] Processed 2250/2467 trading days through 2025-07-23
[2026-05-24 13:02:51] Processed 2300/2467 trading days through 2025-10-01
[2026-05-24 13:03:08] Processed 2350/2467 trading days through 2025-12-10
[2026-05-24 13:03:26] Processed 2400/2467 trading days through 2026-02-18
[2026-05-24 13:03:42] Processed 2450/2467 trading days through 2026-04-29
[2026-05-24 13:03:48] Processed 2467/2467 trading days through 2026-05-22
[2026-05-24 13:03:48] Finished BSE update with 2289 rows written
