[2026-05-26 08:18:16] ABB: announcements resume after 2008-10-24
[2026-05-26 08:18:16] ADANIPORTS: announcements resume after 2008-11-18
[2026-05-26 08:18:16] BEL: announcements resume after 2008-11-25
[2026-05-26 08:18:16] BOSCHLTD: announcements resume after 2008-12-18
[2026-05-26 08:18:16] CUMMINSIND: announcements resume after 2008-12-12
[2026-05-26 08:18:16] DLF: announcements resume after 2008-12-10
[2026-05-26 08:18:16] HINDALCO: announcements resume after 2008-11-04
[2026-05-26 08:18:16] INDHOTEL: announcements resume after 2008-12-17
[2026-05-26 08:18:16] LT: announcements resume after 2008-12-16
[2026-05-26 08:18:16] MARUTI: announcements resume after 2008-12-17
[2026-05-26 08:18:16] SBIN: announcements resume after 2008-12-16
[2026-05-26 08:18:16] SUZLON: announcements resume after 2008-12-16
[2026-05-26 08:18:16] TRENT: announcements resume after 2008-08-12
[2026-05-26 08:18:16] Announcements: processed 1/4801 trading days through 2008-01-01
[2026-05-26 08:18:16] Announcements: processed 25/4801 trading days through 2008-02-04
[2026-05-26 08:18:16] Announcements: processed 50/4801 trading days through 2008-03-10
[2026-05-26 08:18:16] Announcements: processed 75/4801 trading days through 2008-04-14
[2026-05-26 08:18:16] Announcements: processed 100/4801 trading days through 2008-05-19
[2026-05-26 08:18:16] Announcements: processed 125/4801 trading days through 2008-06-23
[2026-05-26 08:18:16] Announcements: processed 150/4801 trading days through 2008-07-28
[2026-05-26 08:18:16] Announcements: processed 175/4801 trading days through 2008-09-01
[2026-05-26 08:18:16] Announcements: processed 200/4801 trading days through 2008-10-06
[2026-05-26 08:18:16] Announcements: processed 225/4801 trading days through 2008-11-10
[2026-05-26 08:18:16] Announcements: processed 250/4801 trading days through 2008-12-15
[2026-05-26 08:23:11] Announcements: processed 275/4801 trading days through 2009-01-19
